C:\Program Files (x86)\Microsoft Visual Studio\2017\Enterprise\Common7\IDE\VC\VCTargets\Microsoft.CppBuild.targets(377,5): warning MSB8004: Output Directory does not end with a trailing slash.  This build instance will add the slash as it is required to allow proper evaluation of the Output Directory.
  test.cpp
e:\finalyearfolder\networkingclass\networkingboids\unity\project2\test.cpp(80): warning C4305: '=': truncation from 'GameMessages' to 'char'
e:\finalyearfolder\networkingclass\networkingboids\unity\project2\test.cpp(80): warning C4309: '=': truncation of constant value
e:\finalyearfolder\networkingclass\networkingboids\unity\project2\test.cpp(70): warning C4715: 'receiveData': not all control paths return a value
e:\finalyearfolder\networkingclass\networkingboids\unity\project2\test.cpp(160): warning C4715: 'InitialData': not all control paths return a value
     Creating library E:\FinalYearFolder\NetworkingClass\NetworkingBoids\unity\Project2\Build\BoidEvents.lib and object E:\FinalYearFolder\NetworkingClass\NetworkingBoids\unity\Project2\Build\BoidEvents.exp
RakNet.lib(BitStream.obj) : warning LNK4099: PDB 'RakNet.pdb' was not found with 'RakNet.lib(BitStream.obj)' or at 'E:\FinalYearFolder\NetworkingClass\NetworkingBoids\unity\Project2\Build\RakNet.pdb'; linking object as if no debug info
RakNet.lib(CCRakNetSlidingWindow.obj) : warning LNK4099: PDB 'RakNet.pdb' was not found with 'RakNet.lib(CCRakNetSlidingWindow.obj)' or at 'E:\FinalYearFolder\NetworkingClass\NetworkingBoids\unity\Project2\Build\RakNet.pdb'; linking object as if no debug info
RakNet.lib(DR_SHA1.obj) : warning LNK4099: PDB 'RakNet.pdb' was not found with 'RakNet.lib(DR_SHA1.obj)' or at 'E:\FinalYearFolder\NetworkingClass\NetworkingBoids\unity\Project2\Build\RakNet.pdb'; linking object as if no debug info
RakNet.lib(DS_ByteQueue.obj) : warning LNK4099: PDB 'RakNet.pdb' was not found with 'RakNet.lib(DS_ByteQueue.obj)' or at 'E:\FinalYearFolder\NetworkingClass\NetworkingBoids\unity\Project2\Build\RakNet.pdb'; linking object as if no debug info
RakNet.lib(DS_HuffmanEncodingTree.obj) : warning LNK4099: PDB 'RakNet.pdb' was not found with 'RakNet.lib(DS_HuffmanEncodingTree.obj)' or at 'E:\FinalYearFolder\NetworkingClass\NetworkingBoids\unity\Project2\Build\RakNet.pdb'; linking object as if no debug info
RakNet.lib(GetTime.obj) : warning LNK4099: PDB 'RakNet.pdb' was not found with 'RakNet.lib(GetTime.obj)' or at 'E:\FinalYearFolder\NetworkingClass\NetworkingBoids\unity\Project2\Build\RakNet.pdb'; linking object as if no debug info
RakNet.lib(Itoa.obj) : warning LNK4099: PDB 'RakNet.pdb' was not found with 'RakNet.lib(Itoa.obj)' or at 'E:\FinalYearFolder\NetworkingClass\NetworkingBoids\unity\Project2\Build\RakNet.pdb'; linking object as if no debug info
RakNet.lib(LocklessTypes.obj) : warning LNK4099: PDB 'RakNet.pdb' was not found with 'RakNet.lib(LocklessTypes.obj)' or at 'E:\FinalYearFolder\NetworkingClass\NetworkingBoids\unity\Project2\Build\RakNet.pdb'; linking object as if no debug info
RakNet.lib(PluginInterface2.obj) : warning LNK4099: PDB 'RakNet.pdb' was not found with 'RakNet.lib(PluginInterface2.obj)' or at 'E:\FinalYearFolder\NetworkingClass\NetworkingBoids\unity\Project2\Build\RakNet.pdb'; linking object as if no debug info
RakNet.lib(RakMemoryOverride.obj) : warning LNK4099: PDB 'RakNet.pdb' was not found with 'RakNet.lib(RakMemoryOverride.obj)' or at 'E:\FinalYearFolder\NetworkingClass\NetworkingBoids\unity\Project2\Build\RakNet.pdb'; linking object as if no debug info
RakNet.lib(RakNetSocket2.obj) : warning LNK4099: PDB 'RakNet.pdb' was not found with 'RakNet.lib(RakNetSocket2.obj)' or at 'E:\FinalYearFolder\NetworkingClass\NetworkingBoids\unity\Project2\Build\RakNet.pdb'; linking object as if no debug info
RakNet.lib(RakNetTypes.obj) : warning LNK4099: PDB 'RakNet.pdb' was not found with 'RakNet.lib(RakNetTypes.obj)' or at 'E:\FinalYearFolder\NetworkingClass\NetworkingBoids\unity\Project2\Build\RakNet.pdb'; linking object as if no debug info
RakNet.lib(RakPeer.obj) : warning LNK4099: PDB 'RakNet.pdb' was not found with 'RakNet.lib(RakPeer.obj)' or at 'E:\FinalYearFolder\NetworkingClass\NetworkingBoids\unity\Project2\Build\RakNet.pdb'; linking object as if no debug info
RakNet.lib(RakSleep.obj) : warning LNK4099: PDB 'RakNet.pdb' was not found with 'RakNet.lib(RakSleep.obj)' or at 'E:\FinalYearFolder\NetworkingClass\NetworkingBoids\unity\Project2\Build\RakNet.pdb'; linking object as if no debug info
RakNet.lib(RakString.obj) : warning LNK4099: PDB 'RakNet.pdb' was not found with 'RakNet.lib(RakString.obj)' or at 'E:\FinalYearFolder\NetworkingClass\NetworkingBoids\unity\Project2\Build\RakNet.pdb'; linking object as if no debug info
RakNet.lib(RakThread.obj) : warning LNK4099: PDB 'RakNet.pdb' was not found with 'RakNet.lib(RakThread.obj)' or at 'E:\FinalYearFolder\NetworkingClass\NetworkingBoids\unity\Project2\Build\RakNet.pdb'; linking object as if no debug info
RakNet.lib(Rand.obj) : warning LNK4099: PDB 'RakNet.pdb' was not found with 'RakNet.lib(Rand.obj)' or at 'E:\FinalYearFolder\NetworkingClass\NetworkingBoids\unity\Project2\Build\RakNet.pdb'; linking object as if no debug info
RakNet.lib(ReliabilityLayer.obj) : warning LNK4099: PDB 'RakNet.pdb' was not found with 'RakNet.lib(ReliabilityLayer.obj)' or at 'E:\FinalYearFolder\NetworkingClass\NetworkingBoids\unity\Project2\Build\RakNet.pdb'; linking object as if no debug info
RakNet.lib(SignaledEvent.obj) : warning LNK4099: PDB 'RakNet.pdb' was not found with 'RakNet.lib(SignaledEvent.obj)' or at 'E:\FinalYearFolder\NetworkingClass\NetworkingBoids\unity\Project2\Build\RakNet.pdb'; linking object as if no debug info
RakNet.lib(SimpleMutex.obj) : warning LNK4099: PDB 'RakNet.pdb' was not found with 'RakNet.lib(SimpleMutex.obj)' or at 'E:\FinalYearFolder\NetworkingClass\NetworkingBoids\unity\Project2\Build\RakNet.pdb'; linking object as if no debug info
RakNet.lib(SocketLayer.obj) : warning LNK4099: PDB 'RakNet.pdb' was not found with 'RakNet.lib(SocketLayer.obj)' or at 'E:\FinalYearFolder\NetworkingClass\NetworkingBoids\unity\Project2\Build\RakNet.pdb'; linking object as if no debug info
RakNet.lib(StringCompressor.obj) : warning LNK4099: PDB 'RakNet.pdb' was not found with 'RakNet.lib(StringCompressor.obj)' or at 'E:\FinalYearFolder\NetworkingClass\NetworkingBoids\unity\Project2\Build\RakNet.pdb'; linking object as if no debug info
RakNet.lib(StringTable.obj) : warning LNK4099: PDB 'RakNet.pdb' was not found with 'RakNet.lib(StringTable.obj)' or at 'E:\FinalYearFolder\NetworkingClass\NetworkingBoids\unity\Project2\Build\RakNet.pdb'; linking object as if no debug info
RakNet.lib(SuperFastHash.obj) : warning LNK4099: PDB 'RakNet.pdb' was not found with 'RakNet.lib(SuperFastHash.obj)' or at 'E:\FinalYearFolder\NetworkingClass\NetworkingBoids\unity\Project2\Build\RakNet.pdb'; linking object as if no debug info
RakNet.lib(TCPInterface.obj) : warning LNK4099: PDB 'RakNet.pdb' was not found with 'RakNet.lib(TCPInterface.obj)' or at 'E:\FinalYearFolder\NetworkingClass\NetworkingBoids\unity\Project2\Build\RakNet.pdb'; linking object as if no debug info
RakNet.lib(WSAStartupSingleton.obj) : warning LNK4099: PDB 'RakNet.pdb' was not found with 'RakNet.lib(WSAStartupSingleton.obj)' or at 'E:\FinalYearFolder\NetworkingClass\NetworkingBoids\unity\Project2\Build\RakNet.pdb'; linking object as if no debug info
  Project2.vcxproj -> E:\FinalYearFolder\NetworkingClass\NetworkingBoids\unity\Project2\Build\BoidEvents.dll
